<?xml version="1.0" encoding="UTF-8"?>
<!-- Generated by org.testng.reporters.JUnitReportReporter -->
<testsuite hostname="Dinesh" failures="0" tests="3" name="test.Sample" time="0.023" errors="0" timestamp="2024-04-16T20:22:38 IST" skipped="0">
  <testcase classname="test.Sample" name="testCase01" time="0.018"/>
  <system-out/>
  <testcase classname="test.Sample" name="testCase02" time="0.002"/>
  <system-out/>
  <testcase classname="test.Sample" name="testCase03" time="0.003"/>
  <system-out/>
</testsuite> <!-- test.Sample -->
