<?xml version="1.0" encoding="UTF-8"?>
<!-- Generated by org.testng.reporters.JUnitReportReporter -->
<testsuite hostname="Dinesh" failures="0" tests="3" name="test.Sample" time="7.835" errors="0" timestamp="16 Apr 2024 15:04:46 GMT">
  <testcase classname="test.Sample" name="testCase02" time="0.390"/>
  <testcase classname="test.Sample" name="testCase03" time="0.166"/>
  <testcase classname="test.Sample" name="testCase01" time="7.279"/>
</testsuite>
